C51 COMPILER V9.01   LCD                                                                   04/21/2018 02:05:32 PAGE 1   


C51 COMPILER V9.01, COMPILATION OF MODULE LCD
OBJECT MODULE PLACED IN lcd.OBJ
COMPILER INVOKED BY: D:\_AppPath\Keil\C51\BIN\C51.EXE lcd.c BROWSE DEBUG OBJECTEXTEND

line level    source

   1          #include"lcd.h"
   2          
   3          /*
   4           * 按钮初始化
   5           */
   6          void KeyInit(){
   7   1              MODE=1;
   8   1              SET=1;
   9   1              UP=1;
  10   1              DOWN=1;
  11   1      }
  12          
  13          /*
  14           * 延时函数，延时1ms
  15           * 该函数是在12MHZ晶振下，12分频单片机的延时
  16           */
  17          void Lcd1602_Delay1ms(uint c)   //误差 0us
  18          {
  19   1          uchar a,b;
  20   1              for (; c>0; c--)
  21   1              {
  22   2                       for (b=199;b>0;b--)
  23   2                       {
  24   3                              for(a=1;a>0;a--);
  25   3                       }      
  26   2              }
  27   1              
  28   1      }
  29          
  30          /*
  31           * 向LCD写入一个字节的命令
  32           */
  33          #ifndef         LCD1602_4PINS    //当没有定义这个LCD1602_4PINS时
              void LcdWriteCom(uchar com)       //写入命令
              {
                      LCD1602_E = 0;     //使能
                      LCD1602_RS = 0;    //选择发送命令
                      LCD1602_RW = 0;    //选择写入
                      
                      LCD1602_DATAPINS = com;     //放入命令
                      Lcd1602_Delay1ms(1);            //等待数据稳定
              
                      LCD1602_E = 1;            //写入时序
                      Lcd1602_Delay1ms(5);      //保持时间
                      LCD1602_E = 0;
              }
              #else 
  48          void LcdWriteCom(uchar com)       //写入命令
  49          {
  50   1              LCD1602_E = 0;   //使能清零
  51   1              LCD1602_RS = 0;  //选择写入命令
  52   1              LCD1602_RW = 0;  //选择写入
  53   1      
  54   1              LCD1602_DATAPINS = com; //由于4位的接线是接到P0口的高四位，所以传送高四位不用改
  55   1              Lcd1602_Delay1ms(1);
C51 COMPILER V9.01   LCD                                                                   04/21/2018 02:05:32 PAGE 2   

  56   1      
  57   1              LCD1602_E = 1;   //写入时序
  58   1              Lcd1602_Delay1ms(5);
  59   1              LCD1602_E = 0;
  60   1      
  61   1      //      Lcd1602_Delay1ms(1);
  62   1              LCD1602_DATAPINS = com << 4; //发送低四位
  63   1              Lcd1602_Delay1ms(1);
  64   1      
  65   1              LCD1602_E = 1;   //写入时序
  66   1              Lcd1602_Delay1ms(5);
  67   1              LCD1602_E = 0;
  68   1      }
  69          #endif
  70          /*
  71           * 向LCD写入一个字节的数据
  72           */                
  73          #ifndef         LCD1602_4PINS              
              void LcdWriteData(uchar dat)                    //写入数据
              {
                      LCD1602_E = 0;  //使能清零
                      LCD1602_RS = 1; //选择输入数据
                      LCD1602_RW = 0; //选择写入
              
                      LCD1602_DATAPINS = dat; //写入数据
                      Lcd1602_Delay1ms(1);
              
                      LCD1602_E = 1;   //写入时序
                      Lcd1602_Delay1ms(5);   //保持时间
                      LCD1602_E = 0;
              }
              #else
  88          void LcdWriteData(uchar dat)                    //写入数据
  89          {
  90   1              LCD1602_E = 0;    //使能清零
  91   1              LCD1602_RS = 1;   //选择写入数据
  92   1              LCD1602_RW = 0;   //选择写入
  93   1      
  94   1              LCD1602_DATAPINS = dat; //由于4位的接线是接到P0口的高四位，所以传送高四位不用改
  95   1              Lcd1602_Delay1ms(1);
  96   1      
  97   1              LCD1602_E = 1;    //写入时序
  98   1              Lcd1602_Delay1ms(5);
  99   1              LCD1602_E = 0;
 100   1      
 101   1              LCD1602_DATAPINS = dat << 4; //写入低四位
 102   1              Lcd1602_Delay1ms(1);
 103   1      
 104   1              LCD1602_E = 1;    //写入时序
 105   1              Lcd1602_Delay1ms(5);
 106   1              LCD1602_E = 0;
 107   1      }
 108          #endif
 109          /*
 110           * 初始化LCD屏
 111           */                
 112          #ifndef         LCD1602_4PINS
              void LcdInit()                                            //LCD初始化子程序
              {
                      LcdWriteCom(0x38);  //开显示
                      LcdWriteCom(0x0c);  //开显示不显示光标
                      LcdWriteCom(0x06);  //写一个指针加1
C51 COMPILER V9.01   LCD                                                                   04/21/2018 02:05:32 PAGE 3   

                      LcdWriteCom(0x01);  //清屏
                      LcdWriteCom(0x80);  //设置数据指针起点
              }
              #else
 122          void LcdInit()                                            //LCD初始化子程序
 123          {
 124   1              LcdWriteCom(0x32);       //将8位总线转为4位总线
 125   1              LcdWriteCom(0x28);       //在四位线下的初始化
 126   1              LcdWriteCom(0x0c);  //开显示不显示光标
 127   1              LcdWriteCom(0x06);  //写一个指针加1
 128   1              LcdWriteCom(0x01);  //清屏
 129   1              LcdWriteCom(0x80);  //设置数据指针起点
 130   1      }
 131          #endif


MODULE INFORMATION:   STATIC OVERLAYABLE
   CODE SIZE        =    129    ----
   CONSTANT SIZE    =   ----    ----
   XDATA SIZE       =   ----    ----
   PDATA SIZE       =   ----    ----
   DATA SIZE        =   ----    ----
   IDATA SIZE       =   ----    ----
   BIT SIZE         =   ----    ----
END OF MODULE INFORMATION.


C51 COMPILATION COMPLETE.  0 WARNING(S),  0 ERROR(S)
